0 info it worked if it ends with ok
1 verbose cli [ 'C:\\Program Files\\nodejs\\node.exe',
1 verbose cli   'C:\\Program Files\\nodejs\\node_modules\\npm\\bin\\npm-cli.js',
1 verbose cli   'install',
1 verbose cli   'netcat' ]
2 info using npm@2.14.12
3 info using node@v4.2.4
4 verbose install initial load of G:\AlexaServer\package.json
5 verbose installManyTop reading scoped package data from G:\AlexaServer\node_modules\alexa-app\package.json
6 verbose installManyTop reading scoped package data from G:\AlexaServer\node_modules\alexa-app-server\package.json
7 verbose installManyTop reading scoped package data from G:\AlexaServer\node_modules\elasticsearch\package.json
8 verbose installManyTop reading scoped package data from G:\AlexaServer\node_modules\save\package.json
9 verbose installManyTop reading scoped package data from G:\AlexaServer\node_modules\sync-request\package.json
10 info package.json alexa-app-server@2.2.4 No repository field.
11 info package.json alexa-app-server@2.2.4 No license field.
12 verbose readDependencies loading dependencies from G:\AlexaServer\package.json
13 silly cache add args [ 'netcat', null ]
14 verbose cache add spec netcat
15 silly cache add parsed spec Result {
15 silly cache add   raw: 'netcat',
15 silly cache add   scope: null,
15 silly cache add   name: 'netcat',
15 silly cache add   rawSpec: '',
15 silly cache add   spec: 'latest',
15 silly cache add   type: 'tag' }
16 silly addNamed netcat@latest
17 verbose addNamed "latest" is being treated as a dist-tag for netcat
18 info addNameTag [ 'netcat', 'latest' ]
19 silly mapToRegistry name netcat
20 silly mapToRegistry using default registry
21 silly mapToRegistry registry https://registry.npmjs.org/
22 silly mapToRegistry uri https://registry.npmjs.org/netcat
23 verbose addNameTag registry:https://registry.npmjs.org/netcat not in flight; fetching
24 verbose request uri https://registry.npmjs.org/netcat
25 verbose request no auth needed
26 info attempt registry request try #1 at 3:06:10 AM
27 verbose request id b6e190527415bafb
28 http request GET https://registry.npmjs.org/netcat
29 http 404 https://registry.npmjs.org/netcat
30 verbose headers { 'content-type': 'application/json',
30 verbose headers   'cache-control': 'max-age=0',
30 verbose headers   'content-length': '2',
30 verbose headers   'accept-ranges': 'bytes',
30 verbose headers   date: 'Sun, 15 Jan 2017 10:06:11 GMT',
30 verbose headers   via: '1.1 varnish',
30 verbose headers   age: '0',
30 verbose headers   connection: 'keep-alive',
30 verbose headers   'x-served-by': 'cache-lax8631-LAX',
30 verbose headers   'x-cache': 'MISS',
30 verbose headers   'x-cache-hits': '0',
30 verbose headers   'x-timer': 'S1484474770.921241,VS0,VE469',
30 verbose headers   vary: 'Accept-Encoding' }
31 silly get cb [ 404,
31 silly get   { 'content-type': 'application/json',
31 silly get     'cache-control': 'max-age=0',
31 silly get     'content-length': '2',
31 silly get     'accept-ranges': 'bytes',
31 silly get     date: 'Sun, 15 Jan 2017 10:06:11 GMT',
31 silly get     via: '1.1 varnish',
31 silly get     age: '0',
31 silly get     connection: 'keep-alive',
31 silly get     'x-served-by': 'cache-lax8631-LAX',
31 silly get     'x-cache': 'MISS',
31 silly get     'x-cache-hits': '0',
31 silly get     'x-timer': 'S1484474770.921241,VS0,VE469',
31 silly get     vary: 'Accept-Encoding' } ]
32 verbose stack Error: Registry returned 404 for GET on https://registry.npmjs.org/netcat
32 verbose stack     at makeError (C:\Program Files\nodejs\node_modules\npm\node_modules\npm-registry-client\lib\request.js:264:12)
32 verbose stack     at CachingRegistryClient.<anonymous> (C:\Program Files\nodejs\node_modules\npm\node_modules\npm-registry-client\lib\request.js:242:14)
32 verbose stack     at Request._callback (C:\Program Files\nodejs\node_modules\npm\node_modules\npm-registry-client\lib\request.js:172:14)
32 verbose stack     at Request.self.callback (C:\Program Files\nodejs\node_modules\npm\node_modules\request\request.js:198:22)
32 verbose stack     at emitTwo (events.js:87:13)
32 verbose stack     at Request.emit (events.js:172:7)
32 verbose stack     at Request.<anonymous> (C:\Program Files\nodejs\node_modules\npm\node_modules\request\request.js:1082:10)
32 verbose stack     at emitOne (events.js:82:20)
32 verbose stack     at Request.emit (events.js:169:7)
32 verbose stack     at IncomingMessage.<anonymous> (C:\Program Files\nodejs\node_modules\npm\node_modules\request\request.js:1009:12)
33 verbose statusCode 404
34 verbose pkgid netcat
35 verbose cwd G:\AlexaServer
36 error Windows_NT 10.0.14393
37 error argv "C:\\Program Files\\nodejs\\node.exe" "C:\\Program Files\\nodejs\\node_modules\\npm\\bin\\npm-cli.js" "install" "netcat"
38 error node v4.2.4
39 error npm  v2.14.12
40 error code E404
41 error 404 Registry returned 404 for GET on https://registry.npmjs.org/netcat
41 error 404
41 error 404 'netcat' is not in the npm registry.
41 error 404 You should bug the author to publish it (or use the name yourself!)
41 error 404 It was specified as a dependency of 'alexaserver'
41 error 404
41 error 404 Note that you can also install from a
41 error 404 tarball, folder, http url, or git url.
42 verbose exit [ 1, true ]
